<?xml version="1.0" encoding="UTF-8"?>
<!-- Generated by org.testng.reporters.JUnitReportReporter -->
<testsuite hostname="Cihan-MacBook-Pro.local" failures="0" tests="3" name="androidTest.testEcommerce" time="26.820" errors="0" timestamp="2022-10-16T11:45:01 EET" skipped="0">
  <testcase classname="androidTest.testEcommerce" name="Login" time="9.118"/>
  <system-out/>
  <testcase classname="androidTest.testEcommerce" name="productList" time="9.169"/>
  <system-out/>
  <testcase classname="androidTest.testEcommerce" name="Basketpage" time="8.533"/>
  <system-out/>
</testsuite> <!-- androidTest.testEcommerce -->
