<?xml version="1.0" encoding="UTF-8"?>
<!-- Generated by org.testng.reporters.JUnitReportReporter -->
<testsuite hostname="Cihan-MacBook-Pro.local" failures="0" tests="1" name="androidTest.test" time="9.201" errors="0" timestamp="2022-10-01T16:20:08 EET" skipped="0">
  <testcase classname="androidTest.test" name="Login" time="9.201"/>
  <system-out/>
</testsuite> <!-- androidTest.test -->
